<?xml version="1.0" encoding="UTF-8"?>
<!-- Generated by org.testng.reporters.JUnitReportReporter -->
<testsuite hostname="ACSIPL-58" failures="0" tests="2" name="testRunner.GreenkartTestRunner" time="18.774" errors="0" timestamp="2023-06-28T15:57:37 IST" skipped="0">
  <testcase classname="testRunner.GreenkartTestRunner" name="runScenario" time="11.065"/>
  <system-out/>
  <testcase classname="testRunner.GreenkartTestRunner" name="runScenario" time="7.709"/>
  <system-out/>
</testsuite> <!-- testRunner.GreenkartTestRunner -->
