<?xml version="1.0" encoding="UTF-8"?>
<!-- Generated by org.testng.reporters.JUnitReportReporter -->
<testsuite hostname="ACSIPL-58" failures="0" tests="4" name="testRunner.GreenkartTestRunner" time="113.915" errors="0" timestamp="2023-12-26T12:24:40 IST" skipped="0">
  <testcase classname="testRunner.GreenkartTestRunner" name="runScenario" time="24.466"/>
  <system-out/>
  <testcase classname="testRunner.GreenkartTestRunner" name="runScenario" time="28.623"/>
  <system-out/>
  <testcase classname="testRunner.GreenkartTestRunner" name="runScenario" time="36.291"/>
  <system-out/>
  <testcase classname="testRunner.GreenkartTestRunner" name="runScenario" time="24.535"/>
  <system-out/>
</testsuite> <!-- testRunner.GreenkartTestRunner -->
